app/build/outputs/logs/manifest-merger-debug-report.txt
-- Merging decision tree log ---
manifest
ADDED from src/main/AndroidManifest.xml:2:1-207:12
INJECTED from src/main/AndroidManifest.xml:2:1-207:12
INJECTED from src/main/AndroidManifest.xml:2:1-207:12
INJECTED from src/main/AndroidManifest.xml:2:1-207:12
MERGED from [com.android.support:design:25.3.1] AndroidManifest.xml:17:1-31:12
MERGED from [com.mikepenz.materialdrawer:library:2.8.2] AndroidManifest.xml:2:1-12:12
MERGED from [com.android.support:appcompat-v7:25.3.1] AndroidManifest.xml:17:1-31:12
MERGED from [com.android.support:cardview-v7:25.3.1] AndroidManifest.xml:17:1-28:12
MERGED from [com.melnykov:floatingactionbutton:1.3.0] AndroidManifest.xml:2:1-14:12
MERGED from [com.android.support:recyclerview-v7:25.3.1] AndroidManifest.xml:17:1-26:12
MERGED from [com.github.shell-software:fab:1.0.5] AndroidManifest.xml:19:1-29:12
MERGED from [com.github.clans:fab:1.4.0] AndroidManifest.xml:2:1-14:12
MERGED from [me.drakeet.materialdialog:library:1.2.2] AndroidManifest.xml:2:1-12:12
MERGED from [com.jjoe64:graphview:4.0.1] AndroidManifest.xml:2:1-14:12
MERGED from [net.danlew:android.joda:2.9.4.3] AndroidManifest.xml:2:1-8:12
MERGED from [com.scalified:fab:1.1.3] AndroidManifest.xml:17:1-27:12
MERGED from [com.android.support:transition:25.3.1] AndroidManifest.xml:17:1-28:12
MERGED from [com.android.support:animated-vector-drawable:25.3.1] AndroidManifest.xml:17:1-28:12
MERGED from [com.android.support:support-vector-drawable:25.3.1] AndroidManifest.xml:17:1-28:12
MERGED from [com.android.support:support-v4:25.3.1] AndroidManifest.xml:17:1-31:12
MERGED from [com.android.support:support-fragment:25.3.1] AndroidManifest.xml:17:1-31:12
MERGED from [com.android.support:support-core-ui:25.3.1] AndroidManifest.xml:17:1-31:12
MERGED from [com.android.support:support-media-compat:25.3.1] AndroidManifest.xml:17:1-31:12
MERGED from [com.android.support:support-core-utils:25.3.1] AndroidManifest.xml:17:1-31:12
MERGED from [com.android.support:support-compat:25.3.1] AndroidManifest.xml:17:1-31:12
MERGED from [com.mikepenz.iconics:library:0.9.1] AndroidManifest.xml:2:1-12:12
MERGED from [com.scalified:viewmover:1.1.1] AndroidManifest.xml:17:1-27:12
MERGED from [com.scalified:uitools:1.1.2] AndroidManifest.xml:17:1-27:12
INJECTED from src/main/AndroidManifest.xml:2:1-207:12
INJECTED from src/main/AndroidManifest.xml:2:1-207:12
INJECTED from src/main/AndroidManifest.xml:2:1-207:12
	package
		ADDED from src/main/AndroidManifest.xml:3:5-26
		INJECTED from src/main/AndroidManifest.xml
		INJECTED from src/main/AndroidManifest.xml
	android:versionName
		INJECTED from src/main/AndroidManifest.xml
		ADDED from src/main/AndroidManifest.xml:2:1-207:12
		INJECTED from src/main/AndroidManifest.xml
	android:versionCode
		INJECTED from src/main/AndroidManifest.xml
		ADDED from src/main/AndroidManifest.xml:2:1-207:12
		INJECTED from src/main/AndroidManifest.xml
	xmlns:android
		ADDED from src/main/AndroidManifest.xml:2:11-69
uses-permission#android.permission.INTERNET
ADDED from src/main/AndroidManifest.xml:5:5-67
	android:name
		ADDED from src/main/AndroidManifest.xml:5:22-64
uses-permission#android.permission.WRITE_EXTERNAL_STORAGE
ADDED from src/main/AndroidManifest.xml:6:5-81
	android:name
		ADDED from src/main/AndroidManifest.xml:6:22-78
uses-permission#android.permission.READ_EXTERNAL_STORAGE
ADDED from src/main/AndroidManifest.xml:7:5-80
	android:name
		ADDED from src/main/AndroidManifest.xml:7:22-77
uses-permission#android.permission.ACCESS_FINE_LOCATION
ADDED from src/main/AndroidManifest.xml:8:5-79
	android:name
		ADDED from src/main/AndroidManifest.xml:8:22-76
uses-permission#android.permission.READ_PHONE_STATE
ADDED from src/main/AndroidManifest.xml:9:5-75
	android:name
		ADDED from src/main/AndroidManifest.xml:9:22-72
application
ADDED from src/main/AndroidManifest.xml:11:5-205:19
MERGED from [com.android.support:design:25.3.1] AndroidManifest.xml:29:5-20
MERGED from [com.android.support:design:25.3.1] AndroidManifest.xml:29:5-20
MERGED from [com.android.support:appcompat-v7:25.3.1] AndroidManifest.xml:29:5-20
MERGED from [com.android.support:appcompat-v7:25.3.1] AndroidManifest.xml:29:5-20
MERGED from [com.android.support:cardview-v7:25.3.1] AndroidManifest.xml:26:5-20
MERGED from [com.android.support:cardview-v7:25.3.1] AndroidManifest.xml:26:5-20
MERGED from [com.melnykov:floatingactionbutton:1.3.0] AndroidManifest.xml:12:5-20
MERGED from [com.melnykov:floatingactionbutton:1.3.0] AndroidManifest.xml:12:5-20
MERGED from [com.github.clans:fab:1.4.0] AndroidManifest.xml:12:5-20
MERGED from [com.github.clans:fab:1.4.0] AndroidManifest.xml:12:5-20
MERGED from [com.jjoe64:graphview:4.0.1] AndroidManifest.xml:11:5-12:19
MERGED from [com.jjoe64:graphview:4.0.1] AndroidManifest.xml:11:5-12:19
MERGED from [com.android.support:transition:25.3.1] AndroidManifest.xml:26:5-20
MERGED from [com.android.support:transition:25.3.1] AndroidManifest.xml:26:5-20
MERGED from [com.android.support:animated-vector-drawable:25.3.1] AndroidManifest.xml:26:5-20
MERGED from [com.android.support:animated-vector-drawable:25.3.1] AndroidManifest.xml:26:5-20
MERGED from [com.android.support:support-vector-drawable:25.3.1] AndroidManifest.xml:26:5-20
MERGED from [com.android.support:support-vector-drawable:25.3.1] AndroidManifest.xml:26:5-20
MERGED from [com.android.support:support-v4:25.3.1] AndroidManifest.xml:29:5-20
MERGED from [com.android.support:support-v4:25.3.1] AndroidManifest.xml:29:5-20
MERGED from [com.android.support:support-fragment:25.3.1] AndroidManifest.xml:29:5-20
MERGED from [com.android.support:support-fragment:25.3.1] AndroidManifest.xml:29:5-20
MERGED from [com.android.support:support-core-ui:25.3.1] AndroidManifest.xml:29:5-20
MERGED from [com.android.support:support-core-ui:25.3.1] AndroidManifest.xml:29:5-20
MERGED from [com.android.support:support-media-compat:25.3.1] AndroidManifest.xml:29:5-20
MERGED from [com.android.support:support-media-compat:25.3.1] AndroidManifest.xml:29:5-20
MERGED from [com.android.support:support-core-utils:25.3.1] AndroidManifest.xml:29:5-20
MERGED from [com.android.support:support-core-utils:25.3.1] AndroidManifest.xml:29:5-20
MERGED from [com.android.support:support-compat:25.3.1] AndroidManifest.xml:29:5-20
MERGED from [com.android.support:support-compat:25.3.1] AndroidManifest.xml:29:5-20
	android:icon
		ADDED from src/main/AndroidManifest.xml:12:9-38
	android:theme
		ADDED from src/main/AndroidManifest.xml:13:9-40
activity#br.com.lynx.control.activity.LoginActivity
ADDED from src/main/AndroidManifest.xml:14:9-22:20
	android:screenOrientation
		ADDED from src/main/AndroidManifest.xml:17:13-49
	android:label
		ADDED from src/main/AndroidManifest.xml:16:13-45
	android:name
		ADDED from src/main/AndroidManifest.xml:15:13-59
intent-filter#action:name:android.intent.action.MAIN+category:name:android.intent.category.LAUNCHER
ADDED from src/main/AndroidManifest.xml:18:13-21:29
action#android.intent.action.MAIN
ADDED from src/main/AndroidManifest.xml:19:17-69
	android:name
		ADDED from src/main/AndroidManifest.xml:19:25-66
category#android.intent.category.LAUNCHER
ADDED from src/main/AndroidManifest.xml:20:17-77
	android:name
		ADDED from src/main/AndroidManifest.xml:20:27-74
activity#br.com.lynx.control.activity.MainActivity
ADDED from src/main/AndroidManifest.xml:23:9-25:52
	android:screenOrientation
		ADDED from src/main/AndroidManifest.xml:25:13-49
	android:name
		ADDED from src/main/AndroidManifest.xml:24:13-58
activity#br.com.lynx.control.activity.ListaClientesActivity
ADDED from src/main/AndroidManifest.xml:27:9-39:20
	android:parentActivityName
		ADDED from src/main/AndroidManifest.xml:29:13-72
	android:windowSoftInputMode
		ADDED from src/main/AndroidManifest.xml:30:13-66
	android:name
		ADDED from src/main/AndroidManifest.xml:28:13-67
intent-filter#action:name:android.intent.action.SEARCH
ADDED from src/main/AndroidManifest.xml:32:13-34:29
action#android.intent.action.SEARCH
ADDED from src/main/AndroidManifest.xml:33:17-71
	android:name
		ADDED from src/main/AndroidManifest.xml:33:25-68
meta-data#android.app.searchble
ADDED from src/main/AndroidManifest.xml:36:13-38:53
	android:resource
		ADDED from src/main/AndroidManifest.xml:38:17-50
	android:name
		ADDED from src/main/AndroidManifest.xml:37:17-53
activity#br.com.lynx.control.misc.ClienteVerificacaoActivity
ADDED from src/main/AndroidManifest.xml:41:9-43:52
	android:screenOrientation
		ADDED from src/main/AndroidManifest.xml:43:13-49
	android:name
		ADDED from src/main/AndroidManifest.xml:42:13-68
activity#br.com.lynx.control.misc.PreferenciaActivity
ADDED from src/main/AndroidManifest.xml:45:9-47:52
	android:screenOrientation
		ADDED from src/main/AndroidManifest.xml:47:13-49
	android:name
		ADDED from src/main/AndroidManifest.xml:46:13-61
activity#br.com.lynx.control.misc.Activity_OrdersMain
ADDED from src/main/AndroidManifest.xml:48:9-50:52
	android:screenOrientation
		ADDED from src/main/AndroidManifest.xml:50:13-49
	android:name
		ADDED from src/main/AndroidManifest.xml:49:13-61
activity#br.com.lynx.control.misc.Activity_MenuComm
ADDED from src/main/AndroidManifest.xml:51:9-53:52
	android:screenOrientation
		ADDED from src/main/AndroidManifest.xml:53:13-49
	android:name
		ADDED from src/main/AndroidManifest.xml:52:13-59
activity#br.com.lynx.control.misc.Comunicacao
ADDED from src/main/AndroidManifest.xml:54:9-56:52
	android:screenOrientation
		ADDED from src/main/AndroidManifest.xml:56:13-49
	android:name
		ADDED from src/main/AndroidManifest.xml:55:13-53
activity#br.com.lynx.control.misc.ListaPedidos
ADDED from src/main/AndroidManifest.xml:57:9-59:52
	android:screenOrientation
		ADDED from src/main/AndroidManifest.xml:59:13-49
	android:name
		ADDED from src/main/AndroidManifest.xml:58:13-54
activity#br.com.lynx.control.misc.ResumoPedidos
ADDED from src/main/AndroidManifest.xml:60:9-62:52
	android:screenOrientation
		ADDED from src/main/AndroidManifest.xml:62:13-49
	android:name
		ADDED from src/main/AndroidManifest.xml:61:13-55
activity#br.com.lynx.control.misc.PesquisaProduto
ADDED from src/main/AndroidManifest.xml:63:9-65:52
	android:screenOrientation
		ADDED from src/main/AndroidManifest.xml:65:13-49
	android:name
		ADDED from src/main/AndroidManifest.xml:64:13-57
activity#br.com.lynx.control.activity.ClienteDetalheActivity
ADDED from src/main/AndroidManifest.xml:66:9-68:52
	android:screenOrientation
		ADDED from src/main/AndroidManifest.xml:68:13-49
	android:name
		ADDED from src/main/AndroidManifest.xml:67:13-68
activity#br.com.lynx.control.activity.TituloActivity
ADDED from src/main/AndroidManifest.xml:69:9-71:52
	android:screenOrientation
		ADDED from src/main/AndroidManifest.xml:71:13-49
	android:name
		ADDED from src/main/AndroidManifest.xml:70:13-60
activity#br.com.lynx.control.misc.DetalhePedido
ADDED from src/main/AndroidManifest.xml:72:9-74:52
	android:screenOrientation
		ADDED from src/main/AndroidManifest.xml:74:13-49
	android:name
		ADDED from src/main/AndroidManifest.xml:73:13-55
activity#br.com.lynx.control.misc.HistoricoVenda
ADDED from src/main/AndroidManifest.xml:75:9-77:52
	android:screenOrientation
		ADDED from src/main/AndroidManifest.xml:77:13-49
	android:name
		ADDED from src/main/AndroidManifest.xml:76:13-56
activity#br.com.lynx.control.misc.HistoricoVendaItem
ADDED from src/main/AndroidManifest.xml:78:9-80:52
	android:screenOrientation
		ADDED from src/main/AndroidManifest.xml:80:13-49
	android:name
		ADDED from src/main/AndroidManifest.xml:79:13-60
activity#br.com.lynx.control.misc.Relatorios
ADDED from src/main/AndroidManifest.xml:81:9-83:52
	android:screenOrientation
		ADDED from src/main/AndroidManifest.xml:83:13-49
	android:name
		ADDED from src/main/AndroidManifest.xml:82:13-52
activity#br.com.lynx.control.misc.Meta
ADDED from src/main/AndroidManifest.xml:84:9-86:52
	android:screenOrientation
		ADDED from src/main/AndroidManifest.xml:86:13-49
	android:name
		ADDED from src/main/AndroidManifest.xml:85:13-46
activity#br.com.lynx.control.misc.ListaCampanha
ADDED from src/main/AndroidManifest.xml:87:9-89:52
	android:screenOrientation
		ADDED from src/main/AndroidManifest.xml:89:13-49
	android:name
		ADDED from src/main/AndroidManifest.xml:88:13-55
activity#br.com.lynx.control.misc.ListaDevolucao
ADDED from src/main/AndroidManifest.xml:90:9-92:52
	android:screenOrientation
		ADDED from src/main/AndroidManifest.xml:92:13-49
	android:name
		ADDED from src/main/AndroidManifest.xml:91:13-56
activity#br.com.lynx.control.misc.MaioresQuedas
ADDED from src/main/AndroidManifest.xml:93:9-95:52
	android:screenOrientation
		ADDED from src/main/AndroidManifest.xml:95:13-49
	android:name
		ADDED from src/main/AndroidManifest.xml:94:13-55
activity#br.com.lynx.control.activity.EquipamentoActivity
ADDED from src/main/AndroidManifest.xml:96:9-98:52
	android:screenOrientation
		ADDED from src/main/AndroidManifest.xml:98:13-49
	android:name
		ADDED from src/main/AndroidManifest.xml:97:13-65
activity#br.com.lynx.control.misc.PesquisaActivity
ADDED from src/main/AndroidManifest.xml:99:9-101:52
	android:screenOrientation
		ADDED from src/main/AndroidManifest.xml:101:13-49
	android:name
		ADDED from src/main/AndroidManifest.xml:100:13-58
activity#br.com.lynx.control.misc.PesquisaCheckout1A4Activity
ADDED from src/main/AndroidManifest.xml:102:9-104:52
	android:screenOrientation
		ADDED from src/main/AndroidManifest.xml:104:13-49
	android:name
		ADDED from src/main/AndroidManifest.xml:103:13-69
activity#br.com.lynx.control.misc.PesquisaCheckoutMais5Activity
ADDED from src/main/AndroidManifest.xml:105:9-107:52
	android:screenOrientation
		ADDED from src/main/AndroidManifest.xml:107:13-49
	android:name
		ADDED from src/main/AndroidManifest.xml:106:13-71
activity#br.com.lynx.control.misc.PesquisaPrecoActivity
ADDED from src/main/AndroidManifest.xml:108:9-110:52
	android:screenOrientation
		ADDED from src/main/AndroidManifest.xml:110:13-49
	android:name
		ADDED from src/main/AndroidManifest.xml:109:13-63
activity#br.com.lynx.control.misc.PesquisaCheckoutActivity
ADDED from src/main/AndroidManifest.xml:111:9-113:52
	android:screenOrientation
		ADDED from src/main/AndroidManifest.xml:113:13-49
	android:name
		ADDED from src/main/AndroidManifest.xml:112:13-66
activity#br.com.lynx.control.misc.Activity_InfoQueda
ADDED from src/main/AndroidManifest.xml:114:9-116:52
	android:screenOrientation
		ADDED from src/main/AndroidManifest.xml:116:13-49
	android:name
		ADDED from src/main/AndroidManifest.xml:115:13-60
activity#br.com.lynx.control.misc.ComparaVolume_Activity
ADDED from src/main/AndroidManifest.xml:117:9-119:52
	android:screenOrientation
		ADDED from src/main/AndroidManifest.xml:119:13-49
	android:name
		ADDED from src/main/AndroidManifest.xml:118:13-64
activity#br.com.lynx.control.activity.ClienteCampanhaActivity
ADDED from src/main/AndroidManifest.xml:120:9-78
	android:name
		ADDED from src/main/AndroidManifest.xml:120:19-75
activity#br.com.lynx.control.misc.PesquisaEquipamentoActivity
ADDED from src/main/AndroidManifest.xml:122:9-124:52
	android:screenOrientation
		ADDED from src/main/AndroidManifest.xml:124:13-49
	android:name
		ADDED from src/main/AndroidManifest.xml:123:13-69
activity#br.com.lynx.control.misc.PesquisaSubcanalActivity
ADDED from src/main/AndroidManifest.xml:125:9-127:52
	android:screenOrientation
		ADDED from src/main/AndroidManifest.xml:127:13-49
	android:name
		ADDED from src/main/AndroidManifest.xml:126:13-66
activity#br.com.lynx.control.misc.PesquisaCervejaActivity
ADDED from src/main/AndroidManifest.xml:128:9-130:52
	android:screenOrientation
		ADDED from src/main/AndroidManifest.xml:130:13-49
	android:name
		ADDED from src/main/AndroidManifest.xml:129:13-65
activity#br.com.lynx.control.activity.FlashMainActivity
ADDED from src/main/AndroidManifest.xml:131:9-133:52
	android:screenOrientation
		ADDED from src/main/AndroidManifest.xml:133:13-49
	android:name
		ADDED from src/main/AndroidManifest.xml:132:13-63
activity#br.com.lynx.control.activity.FlashMetaCategoriaActivity
ADDED from src/main/AndroidManifest.xml:134:9-136:52
	android:screenOrientation
		ADDED from src/main/AndroidManifest.xml:136:13-49
	android:name
		ADDED from src/main/AndroidManifest.xml:135:13-72
activity#br.com.lynx.control.activity.FlashCoberturaActivity
ADDED from src/main/AndroidManifest.xml:137:9-139:52
	android:screenOrientation
		ADDED from src/main/AndroidManifest.xml:139:13-49
	android:name
		ADDED from src/main/AndroidManifest.xml:138:13-68
activity#br.com.lynx.control.activity.FlashDevolucaoActivity
ADDED from src/main/AndroidManifest.xml:140:9-142:52
	android:screenOrientation
		ADDED from src/main/AndroidManifest.xml:142:13-49
	android:name
		ADDED from src/main/AndroidManifest.xml:141:13-68
activity#br.com.lynx.control.activity.FlashTop10Activity
ADDED from src/main/AndroidManifest.xml:143:9-145:52
	android:screenOrientation
		ADDED from src/main/AndroidManifest.xml:145:13-49
	android:name
		ADDED from src/main/AndroidManifest.xml:144:13-64
activity#br.com.lynx.control.activity.FlashQuedasActivity
ADDED from src/main/AndroidManifest.xml:146:9-148:52
	android:screenOrientation
		ADDED from src/main/AndroidManifest.xml:148:13-49
	android:name
		ADDED from src/main/AndroidManifest.xml:147:13-65
activity#br.com.lynx.control.activity.FlashProjetosActivity
ADDED from src/main/AndroidManifest.xml:149:9-151:52
	android:screenOrientation
		ADDED from src/main/AndroidManifest.xml:151:13-49
	android:name
		ADDED from src/main/AndroidManifest.xml:150:13-67
activity#br.com.lynx.control.activity.FlashPrazoFemsaActivity
ADDED from src/main/AndroidManifest.xml:152:9-154:52
	android:screenOrientation
		ADDED from src/main/AndroidManifest.xml:154:13-49
	android:name
		ADDED from src/main/AndroidManifest.xml:153:13-69
activity#br.com.lynx.control.activity.FlashArrastaoActivity
ADDED from src/main/AndroidManifest.xml:155:9-157:52
	android:screenOrientation
		ADDED from src/main/AndroidManifest.xml:157:13-49
	android:name
		ADDED from src/main/AndroidManifest.xml:156:13-67
activity#br.com.lynx.control.activity.FlashDesafioActivity
ADDED from src/main/AndroidManifest.xml:158:9-160:52
	android:screenOrientation
		ADDED from src/main/AndroidManifest.xml:160:13-49
	android:name
		ADDED from src/main/AndroidManifest.xml:159:13-66
activity#br.com.lynx.control.activity.FlashEquipamentoActivity
ADDED from src/main/AndroidManifest.xml:161:9-163:52
	android:screenOrientation
		ADDED from src/main/AndroidManifest.xml:163:13-49
	android:name
		ADDED from src/main/AndroidManifest.xml:162:13-70
activity#br.com.lynx.control.activity.FlashPositivacaoActivity
ADDED from src/main/AndroidManifest.xml:164:9-166:52
	android:screenOrientation
		ADDED from src/main/AndroidManifest.xml:166:13-49
	android:name
		ADDED from src/main/AndroidManifest.xml:165:13-70
activity#br.com.lynx.control.activity.FlashUltimasDevolucoesActivity
ADDED from src/main/AndroidManifest.xml:167:9-169:52
	android:screenOrientation
		ADDED from src/main/AndroidManifest.xml:169:13-49
	android:name
		ADDED from src/main/AndroidManifest.xml:168:13-76
activity#br.com.lynx.control.activity.FlashBig4Activity
ADDED from src/main/AndroidManifest.xml:170:9-172:52
	android:screenOrientation
		ADDED from src/main/AndroidManifest.xml:172:13-49
	android:name
		ADDED from src/main/AndroidManifest.xml:171:13-63
activity#br.com.lynx.control.activity.ConfirmaItemActivity
ADDED from src/main/AndroidManifest.xml:173:9-175:52
	android:screenOrientation
		ADDED from src/main/AndroidManifest.xml:175:13-49
	android:name
		ADDED from src/main/AndroidManifest.xml:174:13-66
activity#br.com.lynx.control.misc.ExemploGrafico
ADDED from src/main/AndroidManifest.xml:176:9-178:52
	android:screenOrientation
		ADDED from src/main/AndroidManifest.xml:178:13-49
	android:name
		ADDED from src/main/AndroidManifest.xml:177:13-56
activity#br.com.lynx.control.activity.AcompanhamentoPedidosActivity
ADDED from src/main/AndroidManifest.xml:179:9-181:52
	android:screenOrientation
		ADDED from src/main/AndroidManifest.xml:181:13-49
	android:name
		ADDED from src/main/AndroidManifest.xml:180:13-75
activity#br.com.lynx.control.activity.AcompanhamentoPedidosSetorActivity
ADDED from src/main/AndroidManifest.xml:182:9-184:52
	android:screenOrientation
		ADDED from src/main/AndroidManifest.xml:184:13-49
	android:name
		ADDED from src/main/AndroidManifest.xml:183:13-80
activity#br.com.lynx.control.activity.AcompanhamentoPedidosVendedorActivity
ADDED from src/main/AndroidManifest.xml:185:9-187:52
	android:screenOrientation
		ADDED from src/main/AndroidManifest.xml:187:13-49
	android:name
		ADDED from src/main/AndroidManifest.xml:186:13-83
activity#br.com.lynx.control.activity.ListaProdutoActivity
ADDED from src/main/AndroidManifest.xml:188:9-190:52
	android:screenOrientation
		ADDED from src/main/AndroidManifest.xml:190:13-49
	android:name
		ADDED from src/main/AndroidManifest.xml:189:13-66
activity#br.com.lynx.control.activity.ManutencaoPedidoActivity
ADDED from src/main/AndroidManifest.xml:191:9-194:58
	android:screenOrientation
		ADDED from src/main/AndroidManifest.xml:193:13-49
	android:windowSoftInputMode
		ADDED from src/main/AndroidManifest.xml:194:13-55
	android:name
		ADDED from src/main/AndroidManifest.xml:192:13-70
activity#br.com.lynx.control.activity.AvaliacaoPDVNGActivity
ADDED from src/main/AndroidManifest.xml:195:9-198:58
	android:screenOrientation
		ADDED from src/main/AndroidManifest.xml:197:13-49
	android:windowSoftInputMode
		ADDED from src/main/AndroidManifest.xml:198:13-55
	android:name
		ADDED from src/main/AndroidManifest.xml:196:13-68
activity#br.com.lynx.control.activity.AvaliacaoPDVNGResumoActivity
ADDED from src/main/AndroidManifest.xml:199:9-202:58
	android:screenOrientation
		ADDED from src/main/AndroidManifest.xml:201:13-49
	android:windowSoftInputMode
		ADDED from src/main/AndroidManifest.xml:202:13-55
	android:name
		ADDED from src/main/AndroidManifest.xml:200:13-74
service#br.com.lynx.misc.CommService
ADDED from src/main/AndroidManifest.xml:204:9-53
	android:name
		ADDED from src/main/AndroidManifest.xml:204:18-50
uses-sdk
INJECTED from src/main/AndroidManifest.xml reason: use-sdk injection requested
INJECTED from src/main/AndroidManifest.xml
INJECTED from src/main/AndroidManifest.xml
MERGED from [com.android.support:design:25.3.1] AndroidManifest.xml:21:5-23:62
MERGED from [com.android.support:design:25.3.1] AndroidManifest.xml:21:5-23:62
MERGED from [com.mikepenz.materialdrawer:library:2.8.2] AndroidManifest.xml:8:5-10:41
MERGED from [com.mikepenz.materialdrawer:library:2.8.2] AndroidManifest.xml:8:5-10:41
MERGED from [com.android.support:appcompat-v7:25.3.1] AndroidManifest.xml:21:5-23:78
MERGED from [com.android.support:appcompat-v7:25.3.1] AndroidManifest.xml:21:5-23:78
MERGED from [com.android.support:cardview-v7:25.3.1] AndroidManifest.xml:20:5-43
MERGED from [com.android.support:cardview-v7:25.3.1] AndroidManifest.xml:20:5-43
MERGED from [com.melnykov:floatingactionbutton:1.3.0] AndroidManifest.xml:8:5-10:41
MERGED from [com.melnykov:floatingactionbutton:1.3.0] AndroidManifest.xml:8:5-10:41
MERGED from [com.android.support:recyclerview-v7:25.3.1] AndroidManifest.xml:20:5-43
MERGED from [com.android.support:recyclerview-v7:25.3.1] AndroidManifest.xml:20:5-43
MERGED from [com.github.shell-software:fab:1.0.5] AndroidManifest.xml:25:5-27:41
MERGED from [com.github.shell-software:fab:1.0.5] AndroidManifest.xml:25:5-27:41
MERGED from [com.github.clans:fab:1.4.0] AndroidManifest.xml:8:5-10:41
MERGED from [com.github.clans:fab:1.4.0] AndroidManifest.xml:8:5-10:41
MERGED from [me.drakeet.materialdialog:library:1.2.2] AndroidManifest.xml:8:5-10:41
MERGED from [me.drakeet.materialdialog:library:1.2.2] AndroidManifest.xml:8:5-10:41
MERGED from [com.jjoe64:graphview:4.0.1] AndroidManifest.xml:7:5-9:41
MERGED from [com.jjoe64:graphview:4.0.1] AndroidManifest.xml:7:5-9:41
MERGED from [net.danlew:android.joda:2.9.4.3] AndroidManifest.xml:6:5-43
MERGED from [net.danlew:android.joda:2.9.4.3] AndroidManifest.xml:6:5-43
MERGED from [com.scalified:fab:1.1.3] AndroidManifest.xml:23:5-25:41
MERGED from [com.scalified:fab:1.1.3] AndroidManifest.xml:23:5-25:41
MERGED from [com.android.support:transition:25.3.1] AndroidManifest.xml:20:5-44
MERGED from [com.android.support:transition:25.3.1] AndroidManifest.xml:20:5-44
MERGED from [com.android.support:animated-vector-drawable:25.3.1] AndroidManifest.xml:20:5-44
MERGED from [com.android.support:animated-vector-drawable:25.3.1] AndroidManifest.xml:20:5-44
MERGED from [com.android.support:support-vector-drawable:25.3.1] AndroidManifest.xml:20:5-43
MERGED from [com.android.support:support-vector-drawable:25.3.1] AndroidManifest.xml:20:5-43
MERGED from [com.android.support:support-v4:25.3.1] AndroidManifest.xml:21:5-23:54
MERGED from [com.android.support:support-v4:25.3.1] AndroidManifest.xml:21:5-23:54
MERGED from [com.android.support:support-fragment:25.3.1] AndroidManifest.xml:21:5-23:60
MERGED from [com.android.support:support-fragment:25.3.1] AndroidManifest.xml:21:5-23:60
MERGED from [com.android.support:support-core-ui:25.3.1] AndroidManifest.xml:21:5-23:58
MERGED from [com.android.support:support-core-ui:25.3.1] AndroidManifest.xml:21:5-23:58
MERGED from [com.android.support:support-media-compat:25.3.1] AndroidManifest.xml:21:5-23:63
MERGED from [com.android.support:support-media-compat:25.3.1] AndroidManifest.xml:21:5-23:63
MERGED from [com.android.support:support-core-utils:25.3.1] AndroidManifest.xml:21:5-23:61
MERGED from [com.android.support:support-core-utils:25.3.1] AndroidManifest.xml:21:5-23:61
MERGED from [com.android.support:support-compat:25.3.1] AndroidManifest.xml:21:5-23:58
MERGED from [com.android.support:support-compat:25.3.1] AndroidManifest.xml:21:5-23:58
MERGED from [com.mikepenz.iconics:library:0.9.1] AndroidManifest.xml:8:5-10:41
MERGED from [com.mikepenz.iconics:library:0.9.1] AndroidManifest.xml:8:5-10:41
MERGED from [com.scalified:viewmover:1.1.1] AndroidManifest.xml:23:5-25:41
MERGED from [com.scalified:viewmover:1.1.1] AndroidManifest.xml:23:5-25:41
MERGED from [com.scalified:uitools:1.1.2] AndroidManifest.xml:23:5-25:41
MERGED from [com.scalified:uitools:1.1.2] AndroidManifest.xml:23:5-25:41
INJECTED from src/main/AndroidManifest.xml
INJECTED from src/main/AndroidManifest.xml
	tools:overrideLibrary
		ADDED from [com.android.support:design:25.3.1] AndroidManifest.xml:23:9-59
	android:targetSdkVersion
		INJECTED from src/main/AndroidManifest.xml
		ADDED from src/main/AndroidManifest.xml
		INJECTED from src/main/AndroidManifest.xml
	android:minSdkVersion
		INJECTED from src/main/AndroidManifest.xml
		ADDED from src/main/AndroidManifest.xml
		INJECTED from src/main/AndroidManifest.xml
meta-data#android.support.VERSION
ADDED from [com.android.support:design:25.3.1] AndroidManifest.xml:25:5-27:34
MERGED from [com.android.support:appcompat-v7:25.3.1] AndroidManifest.xml:25:5-27:34
MERGED from [com.android.support:appcompat-v7:25.3.1] AndroidManifest.xml:25:5-27:34
MERGED from [com.android.support:cardview-v7:25.3.1] AndroidManifest.xml:22:5-24:34
MERGED from [com.android.support:cardview-v7:25.3.1] AndroidManifest.xml:22:5-24:34
MERGED from [com.android.support:recyclerview-v7:25.3.1] AndroidManifest.xml:22:5-24:34
MERGED from [com.android.support:recyclerview-v7:25.3.1] AndroidManifest.xml:22:5-24:34
MERGED from [com.android.support:transition:25.3.1] AndroidManifest.xml:22:5-24:34
MERGED from [com.android.support:transition:25.3.1] AndroidManifest.xml:22:5-24:34
MERGED from [com.android.support:animated-vector-drawable:25.3.1] AndroidManifest.xml:22:5-24:34
MERGED from [com.android.support:animated-vector-drawable:25.3.1] AndroidManifest.xml:22:5-24:34
MERGED from [com.android.support:support-vector-drawable:25.3.1] AndroidManifest.xml:22:5-24:34
MERGED from [com.android.support:support-vector-drawable:25.3.1] AndroidManifest.xml:22:5-24:34
MERGED from [com.android.support:support-v4:25.3.1] AndroidManifest.xml:25:5-27:34
MERGED from [com.android.support:support-v4:25.3.1] AndroidManifest.xml:25:5-27:34
MERGED from [com.android.support:support-fragment:25.3.1] AndroidManifest.xml:25:5-27:34
MERGED from [com.android.support:support-fragment:25.3.1] AndroidManifest.xml:25:5-27:34
MERGED from [com.android.support:support-core-ui:25.3.1] AndroidManifest.xml:25:5-27:34
MERGED from [com.android.support:support-core-ui:25.3.1] AndroidManifest.xml:25:5-27:34
MERGED from [com.android.support:support-media-compat:25.3.1] AndroidManifest.xml:25:5-27:34
MERGED from [com.android.support:support-media-compat:25.3.1] AndroidManifest.xml:25:5-27:34
MERGED from [com.android.support:support-core-utils:25.3.1] AndroidManifest.xml:25:5-27:34
MERGED from [com.android.support:support-core-utils:25.3.1] AndroidManifest.xml:25:5-27:34
MERGED from [com.android.support:support-compat:25.3.1] AndroidManifest.xml:25:5-27:34
MERGED from [com.android.support:support-compat:25.3.1] AndroidManifest.xml:25:5-27:34
	android:value
		ADDED from [com.android.support:design:25.3.1] AndroidManifest.xml:27:9-31
	android:name
		ADDED from [com.android.support:design:25.3.1] AndroidManifest.xml:26:9-47